<?xml version="1.0" encoding="UTF-8"?>
<testsuite xmlns:xsi="http://www.w3.org/2001/XMLSchema-instance" xsi:noNamespaceSchemaLocation="https://maven.apache.org/surefire/maven-surefire-plugin/xsd/surefire-test-report-3.0.xsd" version="3.0" name="ru.neoflex.calculator.services.ScoringServiceTest" time="0.024" tests="14" errors="0" skipped="0" failures="0">
  <properties>
[...]
</properties>
  <testcase name="testAgeClients" classname="ru.neoflex.calculator.services.ScoringServiceTest" time="0.001">
    <system-out><![CDATA[2024-07-20T01:27:07.675+04:00  INFO 20604 --- [calculator] [           main] r.n.calculator.services.ScoringService   : Начало скоринга
]]></system-out>
  </testcase>
  <testcase name="testWhenEmploymentStatusBusinessOwner" classname="ru.neoflex.calculator.services.ScoringServiceTest" time="0.001">
    <system-out><![CDATA[2024-07-20T01:27:07.677+04:00  INFO 20604 --- [calculator] [           main] r.n.calculator.services.ScoringService   : Начало скоринга
2024-07-20T01:27:07.677+04:00  INFO 20604 --- [calculator] [           main] r.n.calculator.services.ScoringService   : Конец скоринга
]]></system-out>
  </testcase>
  <testcase name="testWhenEmploymentStatusSelfManager" classname="ru.neoflex.calculator.services.ScoringServiceTest" time="0.001">
    <system-out><![CDATA[2024-07-20T01:27:07.677+04:00  INFO 20604 --- [calculator] [           main] r.n.calculator.services.ScoringService   : Начало скоринга
2024-07-20T01:27:07.678+04:00  INFO 20604 --- [calculator] [           main] r.n.calculator.services.ScoringService   : Конец скоринга
]]></system-out>
  </testcase>
  <testcase name="testEmploymentSalary" classname="ru.neoflex.calculator.services.ScoringServiceTest" time="0.001">
    <system-out><![CDATA[2024-07-20T01:27:07.679+04:00  INFO 20604 --- [calculator] [           main] r.n.calculator.services.ScoringService   : Начало скоринга
]]></system-out>
  </testcase>
  <testcase name="testWhenGenderMale" classname="ru.neoflex.calculator.services.ScoringServiceTest" time="0.001">
    <system-out><![CDATA[2024-07-20T01:27:07.680+04:00  INFO 20604 --- [calculator] [           main] r.n.calculator.services.ScoringService   : Начало скоринга
2024-07-20T01:27:07.680+04:00  INFO 20604 --- [calculator] [           main] r.n.calculator.services.ScoringService   : Конец скоринга
]]></system-out>
  </testcase>
  <testcase name="testEmployment" classname="ru.neoflex.calculator.services.ScoringServiceTest" time="0.001">
    <system-out><![CDATA[2024-07-20T01:27:07.682+04:00  INFO 20604 --- [calculator] [           main] r.n.calculator.services.ScoringService   : Начало скоринга
]]></system-out>
  </testcase>
  <testcase name="testWhenPositionMidManager" classname="ru.neoflex.calculator.services.ScoringServiceTest" time="0.001">
    <system-out><![CDATA[2024-07-20T01:27:07.683+04:00  INFO 20604 --- [calculator] [           main] r.n.calculator.services.ScoringService   : Начало скоринга
2024-07-20T01:27:07.683+04:00  INFO 20604 --- [calculator] [           main] r.n.calculator.services.ScoringService   : Конец скоринга
]]></system-out>
  </testcase>
  <testcase name="testAgeClientsWhenMale" classname="ru.neoflex.calculator.services.ScoringServiceTest" time="0.0">
    <system-out><![CDATA[2024-07-20T01:27:07.684+04:00  INFO 20604 --- [calculator] [           main] r.n.calculator.services.ScoringService   : Начало скоринга
2024-07-20T01:27:07.684+04:00  INFO 20604 --- [calculator] [           main] r.n.calculator.services.ScoringService   : Конец скоринга
]]></system-out>
  </testcase>
  <testcase name="testWorkExperience" classname="ru.neoflex.calculator.services.ScoringServiceTest" time="0.004">
    <system-out><![CDATA[2024-07-20T01:27:07.688+04:00  INFO 20604 --- [calculator] [           main] r.n.calculator.services.ScoringService   : Начало скоринга
2024-07-20T01:27:07.689+04:00  INFO 20604 --- [calculator] [           main] r.n.calculator.services.ScoringService   : Начало скоринга
]]></system-out>
  </testcase>
  <testcase name="testAgeClientsWhenFemale" classname="ru.neoflex.calculator.services.ScoringServiceTest" time="0.001">
    <system-out><![CDATA[2024-07-20T01:27:07.692+04:00  INFO 20604 --- [calculator] [           main] r.n.calculator.services.ScoringService   : Начало скоринга
2024-07-20T01:27:07.692+04:00  INFO 20604 --- [calculator] [           main] r.n.calculator.services.ScoringService   : Конец скоринга
]]></system-out>
  </testcase>
  <testcase name="testWhenGenderNonBinary" classname="ru.neoflex.calculator.services.ScoringServiceTest" time="0.001">
    <system-out><![CDATA[2024-07-20T01:27:07.694+04:00  INFO 20604 --- [calculator] [           main] r.n.calculator.services.ScoringService   : Начало скоринга
2024-07-20T01:27:07.694+04:00  INFO 20604 --- [calculator] [           main] r.n.calculator.services.ScoringService   : Конец скоринга
]]></system-out>
  </testcase>
  <testcase name="testWhenGenderFemaleMarried" classname="ru.neoflex.calculator.services.ScoringServiceTest" time="0.0">
    <system-out><![CDATA[2024-07-20T01:27:07.695+04:00  INFO 20604 --- [calculator] [           main] r.n.calculator.services.ScoringService   : Начало скоринга
2024-07-20T01:27:07.695+04:00  INFO 20604 --- [calculator] [           main] r.n.calculator.services.ScoringService   : Конец скоринга
]]></system-out>
  </testcase>
  <testcase name="testWhenMaritalStatusDivorced" classname="ru.neoflex.calculator.services.ScoringServiceTest" time="0.001">
    <system-out><![CDATA[2024-07-20T01:27:07.696+04:00  INFO 20604 --- [calculator] [           main] r.n.calculator.services.ScoringService   : Начало скоринга
2024-07-20T01:27:07.697+04:00  INFO 20604 --- [calculator] [           main] r.n.calculator.services.ScoringService   : Конец скоринга
]]></system-out>
  </testcase>
  <testcase name="testCurrentRateForOffers" classname="ru.neoflex.calculator.services.ScoringServiceTest" time="0.001"/>
</testsuite>